<?xml version="1.0" encoding="UTF-8"?>
<!-- Generated by org.testng.reporters.JUnitReportReporter -->
<testsuite hostname="LIN51017569" failures="0" tests="1" name="_imp10_accessing_test_data_from_excel.ExcelDataProvider" time="10.465" errors="0" timestamp="2022-05-16T17:01:53 IST" skipped="0">
  <testcase classname="_imp10_accessing_test_data_from_excel.ExcelDataProvider" name="test1" time="10.465"/>
  <system-out/>
</testsuite> <!-- _imp10_accessing_test_data_from_excel.ExcelDataProvider -->
