<?xml version="1.0" encoding="UTF-8"?>
<!-- Generated by org.testng.reporters.JUnitReportReporter -->
<testsuite hostname="LIN51017569" failures="0" tests="1" name="_imp10_accessing_test_data_from_excel.ExcelDataProviderTest" time="9.830" errors="0" timestamp="2022-05-16T17:14:43 IST" skipped="0">
  <testcase classname="_imp10_accessing_test_data_from_excel.ExcelDataProviderTest" name="test1" time="9.830"/>
  <system-out/>
</testsuite> <!-- _imp10_accessing_test_data_from_excel.ExcelDataProviderTest -->
